c:\users\dragomante\documents\github\eda-21-22\practicas eda\406contiene\x64\debug\vc142.pdb
c:\users\dragomante\documents\github\eda-21-22\practicas eda\406contiene\x64\debug\vc142.idb
c:\users\dragomante\documents\github\eda-21-22\practicas eda\406contiene\x64\debug\406contiene.obj
c:\users\jorda\onedrive\documentos\github\eda-21-22\practicas eda\406contiene\x64\debug\vc142.pdb
c:\users\jorda\onedrive\documentos\github\eda-21-22\practicas eda\406contiene\x64\debug\vc142.idb
c:\users\jorda\onedrive\documentos\github\eda-21-22\practicas eda\406contiene\x64\debug\406contiene.obj
c:\users\dragomante\documents\github\eda-21-22\practicas eda\x64\debug\406contiene.exe
c:\users\dragomante\documents\github\eda-21-22\practicas eda\x64\debug\406contiene.ilk
c:\users\dragomante\documents\github\eda-21-22\practicas eda\x64\debug\406contiene.pdb
c:\users\jorda\onedrive\documentos\github\eda-21-22\practicas eda\x64\debug\406contiene.exe
c:\users\jorda\onedrive\documentos\github\eda-21-22\practicas eda\406contiene\x64\debug\406contiene.ilk
c:\users\jorda\onedrive\documentos\github\eda-21-22\practicas eda\x64\debug\406contiene.pdb
c:\users\dragomante\documents\github\eda-21-22\practicas eda\406contiene\x64\debug\406contiene.ilk
c:\users\dragomante\documents\github\eda-21-22\practicas eda\406contiene\x64\debug\406contiene.tlog\cl.command.1.tlog
c:\users\dragomante\documents\github\eda-21-22\practicas eda\406contiene\x64\debug\406contiene.tlog\cl.read.1.tlog
c:\users\dragomante\documents\github\eda-21-22\practicas eda\406contiene\x64\debug\406contiene.tlog\cl.write.1.tlog
c:\users\dragomante\documents\github\eda-21-22\practicas eda\406contiene\x64\debug\406contiene.tlog\link.command.1.tlog
c:\users\dragomante\documents\github\eda-21-22\practicas eda\406contiene\x64\debug\406contiene.tlog\link.delete.1.tlog
c:\users\dragomante\documents\github\eda-21-22\practicas eda\406contiene\x64\debug\406contiene.tlog\link.read.1.tlog
c:\users\dragomante\documents\github\eda-21-22\practicas eda\406contiene\x64\debug\406contiene.tlog\link.write.1.tlog
